{"C:\\Users\\Astrsk\\Documents\\GitHub\\mcp-image-extractor_fork\\src\\image-utils.ts": {"path":"C:\\Users\\Astrsk\\Documents\\GitHub\\mcp-image-extractor_fork\\src\\image-utils.ts","statementMap":{"0":{"start":{"line":117,"column":0},"end":{"line":117,"column":7}},"1":{"start":{"line":237,"column":0},"end":{"line":237,"column":7}},"2":{"start":{"line":340,"column":0},"end":{"line":340,"column":7}},"3":{"start":{"line":1,"column":0},"end":{"line":1,"column":26}},"4":{"start":{"line":2,"column":0},"end":{"line":2,"column":26}},"5":{"start":{"line":3,"column":0},"end":{"line":3,"column":25}},"6":{"start":{"line":4,"column":0},"end":{"line":4,"column":29}},"7":{"start":{"line":7,"column":23},"end":{"line":7,"column":77}},"8":{"start":{"line":8,"column":24},"end":{"line":8,"column":97}},"9":{"start":{"line":11,"column":26},"end":{"line":11,"column":78}},"10":{"start":{"line":12,"column":27},"end":{"line":12,"column":80}},"11":{"start":{"line":15,"column":28},"end":{"line":15,"column":81}},"12":{"start":{"line":18,"column":30},"end":{"line":18,"column":84}},"13":{"start":{"line":23,"column":61},"end":{"line":32,"column":2}},"14":{"start":{"line":85,"column":24},"end":{"line":85,"column":42}},"15":{"start":{"line":86,"column":17},"end":{"line":86,"column":59}},"16":{"start":{"line":89,"column":2},"end":{"line":110,"column":3}},"17":{"start":{"line":90,"column":20},"end":{"line":90,"column":47}},"18":{"start":{"line":93,"column":4},"end":{"line":109,"column":5}},"19":{"start":{"line":96,"column":8},"end":{"line":96,"column":67}},"20":{"start":{"line":98,"column":8},"end":{"line":98,"column":66}},"21":{"start":{"line":100,"column":8},"end":{"line":100,"column":67}},"22":{"start":{"line":102,"column":8},"end":{"line":102,"column":67}},"23":{"start":{"line":104,"column":8},"end":{"line":104,"column":67}},"24":{"start":{"line":108,"column":8},"end":{"line":108,"column":46}},"25":{"start":{"line":113,"column":2},"end":{"line":113,"column":78}},"26":{"start":{"line":118,"column":2},"end":{"line":233,"column":3}},"27":{"start":{"line":119,"column":57},"end":{"line":119,"column":63}},"28":{"start":{"line":122,"column":4},"end":{"line":127,"column":5}},"29":{"start":{"line":123,"column":6},"end":{"line":126,"column":8}},"30":{"start":{"line":130,"column":22},"end":{"line":130,"column":48}},"31":{"start":{"line":133,"column":4},"end":{"line":138,"column":5}},"32":{"start":{"line":134,"column":6},"end":{"line":137,"column":8}},"33":{"start":{"line":141,"column":19},"end":{"line":141,"column":54}},"34":{"start":{"line":145,"column":4},"end":{"line":164,"column":5}},"35":{"start":{"line":147,"column":26},"end":{"line":147,"column":69}},"36":{"start":{"line":148,"column":27},"end":{"line":148,"column":72}},"37":{"start":{"line":151,"column":6},"end":{"line":163,"column":7}},"38":{"start":{"line":152,"column":8},"end":{"line":159,"column":22}},"39":{"start":{"line":162,"column":8},"end":{"line":162,"column":55}},"40":{"start":{"line":167,"column":20},"end":{"line":167,"column":57}},"41":{"start":{"line":168,"column":19},"end":{"line":168,"column":31}},"42":{"start":{"line":169,"column":17},"end":{"line":169,"column":23}},"43":{"start":{"line":171,"column":4},"end":{"line":195,"column":5}},"44":{"start":{"line":172,"column":6},"end":{"line":172,"column":29}},"45":{"start":{"line":173,"column":6},"end":{"line":173,"column":21}},"46":{"start":{"line":175,"column":9},"end":{"line":195,"column":5}},"47":{"start":{"line":176,"column":6},"end":{"line":176,"column":30}},"48":{"start":{"line":177,"column":6},"end":{"line":177,"column":22}},"49":{"start":{"line":179,"column":9},"end":{"line":195,"column":5}},"50":{"start":{"line":180,"column":6},"end":{"line":180,"column":29}},"51":{"start":{"line":181,"column":6},"end":{"line":181,"column":21}},"52":{"start":{"line":183,"column":9},"end":{"line":195,"column":5}},"53":{"start":{"line":184,"column":6},"end":{"line":184,"column":30}},"54":{"start":{"line":185,"column":6},"end":{"line":185,"column":22}},"55":{"start":{"line":187,"column":9},"end":{"line":195,"column":5}},"56":{"start":{"line":189,"column":6},"end":{"line":189,"column":29}},"57":{"start":{"line":190,"column":6},"end":{"line":190,"column":21}},"58":{"start":{"line":192,"column":9},"end":{"line":195,"column":5}},"59":{"start":{"line":193,"column":6},"end":{"line":193,"column":30}},"60":{"start":{"line":194,"column":6},"end":{"line":194,"column":22}},"61":{"start":{"line":198,"column":4},"end":{"line":203,"column":5}},"62":{"start":{"line":199,"column":6},"end":{"line":199,"column":61}},"63":{"start":{"line":201,"column":6},"end":{"line":201,"column":83}},"64":{"start":{"line":206,"column":19},"end":{"line":206,"column":49}},"65":{"start":{"line":209,"column":4},"end":{"line":226,"column":6}},"66":{"start":{"line":228,"column":4},"end":{"line":228,"column":57}},"67":{"start":{"line":229,"column":4},"end":{"line":232,"column":6}},"68":{"start":{"line":238,"column":2},"end":{"line":336,"column":3}},"69":{"start":{"line":239,"column":51},"end":{"line":239,"column":57}},"70":{"start":{"line":242,"column":4},"end":{"line":247,"column":5}},"71":{"start":{"line":243,"column":6},"end":{"line":246,"column":8}},"72":{"start":{"line":250,"column":4},"end":{"line":263,"column":5}},"73":{"start":{"line":251,"column":21},"end":{"line":251,"column":33}},"74":{"start":{"line":252,"column":21},"end":{"line":252,"column":36}},"75":{"start":{"line":253,"column":24},"end":{"line":254,"column":null}},"76":{"start":{"line":254,"column":8},"end":{"line":254,"column":72}},"77":{"start":{"line":257,"column":6},"end":{"line":262,"column":7}},"78":{"start":{"line":258,"column":8},"end":{"line":261,"column":10}},"79":{"start":{"line":266,"column":21},"end":{"line":269,"column":6}},"80":{"start":{"line":272,"column":22},"end":{"line":272,"column":48}},"81":{"start":{"line":273,"column":19},"end":{"line":273,"column":54}},"82":{"start":{"line":277,"column":4},"end":{"line":296,"column":5}},"83":{"start":{"line":279,"column":26},"end":{"line":279,"column":69}},"84":{"start":{"line":280,"column":27},"end":{"line":280,"column":72}},"85":{"start":{"line":283,"column":6},"end":{"line":295,"column":7}},"86":{"start":{"line":284,"column":8},"end":{"line":291,"column":22}},"87":{"start":{"line":294,"column":8},"end":{"line":294,"column":55}},"88":{"start":{"line":299,"column":4},"end":{"line":305,"column":5}},"89":{"start":{"line":300,"column":21},"end":{"line":300,"column":46}},"90":{"start":{"line":301,"column":6},"end":{"line":301,"column":61}},"91":{"start":{"line":303,"column":6},"end":{"line":303,"column":83}},"92":{"start":{"line":308,"column":19},"end":{"line":308,"column":49}},"93":{"start":{"line":309,"column":21},"end":{"line":309,"column":69}},"94":{"start":{"line":312,"column":4},"end":{"line":329,"column":6}},"95":{"start":{"line":331,"column":4},"end":{"line":331,"column":61}},"96":{"start":{"line":332,"column":4},"end":{"line":335,"column":6}},"97":{"start":{"line":341,"column":2},"end":{"line":439,"column":3}},"98":{"start":{"line":342,"column":65},"end":{"line":342,"column":71}},"99":{"start":{"line":346,"column":4},"end":{"line":358,"column":5}},"100":{"start":{"line":347,"column":6},"end":{"line":347,"column":50}},"101":{"start":{"line":350,"column":6},"end":{"line":352,"column":7}},"102":{"start":{"line":351,"column":8},"end":{"line":351,"column":75}},"103":{"start":{"line":354,"column":6},"end":{"line":357,"column":8}},"104":{"start":{"line":361,"column":4},"end":{"line":366,"column":5}},"105":{"start":{"line":362,"column":6},"end":{"line":365,"column":8}},"106":{"start":{"line":370,"column":4},"end":{"line":377,"column":5}},"107":{"start":{"line":371,"column":6},"end":{"line":371,"column":53}},"108":{"start":{"line":373,"column":6},"end":{"line":376,"column":8}},"109":{"start":{"line":381,"column":4},"end":{"line":400,"column":5}},"110":{"start":{"line":383,"column":26},"end":{"line":383,"column":69}},"111":{"start":{"line":384,"column":27},"end":{"line":384,"column":72}},"112":{"start":{"line":387,"column":6},"end":{"line":399,"column":7}},"113":{"start":{"line":388,"column":8},"end":{"line":395,"column":22}},"114":{"start":{"line":398,"column":8},"end":{"line":398,"column":55}},"115":{"start":{"line":403,"column":4},"end":{"line":409,"column":5}},"116":{"start":{"line":404,"column":21},"end":{"line":404,"column":73}},"117":{"start":{"line":405,"column":6},"end":{"line":405,"column":61}},"118":{"start":{"line":407,"column":6},"end":{"line":407,"column":83}},"119":{"start":{"line":412,"column":28},"end":{"line":412,"column":58}},"120":{"start":{"line":415,"column":4},"end":{"line":432,"column":6}},"121":{"start":{"line":434,"column":4},"end":{"line":434,"column":59}},"122":{"start":{"line":435,"column":4},"end":{"line":438,"column":6}}},"fnMap":{"0":{"name":"compressImage","decl":{"start":{"line":84,"column":15},"end":{"line":84,"column":28}},"loc":{"start":{"line":84,"column":67},"end":{"line":114,"column":1}}},"1":{"name":"extractImageFromFile","decl":{"start":{"line":117,"column":22},"end":{"line":117,"column":42}},"loc":{"start":{"line":117,"column":77},"end":{"line":234,"column":1}}},"2":{"name":"extractImageFromUrl","decl":{"start":{"line":237,"column":22},"end":{"line":237,"column":41}},"loc":{"start":{"line":237,"column":75},"end":{"line":337,"column":1}}},"3":{"name":"(anonymous_13)","decl":{"start":{"line":253,"column":45},"end":{"line":253,"column":46}},"loc":{"start":{"line":254,"column":8},"end":{"line":254,"column":72}}},"4":{"name":"extractImageFromBase64","decl":{"start":{"line":340,"column":22},"end":{"line":340,"column":44}},"loc":{"start":{"line":340,"column":81},"end":{"line":440,"column":1}}}},"branchMap":{"0":{"loc":{"start":{"line":7,"column":32},"end":{"line":7,"column":72}},"type":"binary-expr","locations":[{"start":{"line":7,"column":32},"end":{"line":7,"column":58}},{"start":{"line":7,"column":62},"end":{"line":7,"column":72}}]},"1":{"loc":{"start":{"line":8,"column":24},"end":{"line":8,"column":97}},"type":"cond-expr","locations":[{"start":{"line":8,"column":54},"end":{"line":8,"column":92}},{"start":{"line":8,"column":95},"end":{"line":8,"column":97}}]},"2":{"loc":{"start":{"line":11,"column":35},"end":{"line":11,"column":73}},"type":"binary-expr","locations":[{"start":{"line":11,"column":35},"end":{"line":11,"column":64}},{"start":{"line":11,"column":68},"end":{"line":11,"column":73}}]},"3":{"loc":{"start":{"line":12,"column":36},"end":{"line":12,"column":75}},"type":"binary-expr","locations":[{"start":{"line":12,"column":36},"end":{"line":12,"column":66}},{"start":{"line":12,"column":70},"end":{"line":12,"column":75}}]},"4":{"loc":{"start":{"line":15,"column":37},"end":{"line":15,"column":76}},"type":"binary-expr","locations":[{"start":{"line":15,"column":37},"end":{"line":15,"column":68}},{"start":{"line":15,"column":72},"end":{"line":15,"column":76}}]},"5":{"loc":{"start":{"line":18,"column":39},"end":{"line":18,"column":79}},"type":"binary-expr","locations":[{"start":{"line":18,"column":39},"end":{"line":18,"column":72}},{"start":{"line":18,"column":76},"end":{"line":18,"column":79}}]},"6":{"loc":{"start":{"line":89,"column":2},"end":{"line":110,"column":3}},"type":"if","locations":[{"start":{"line":89,"column":2},"end":{"line":110,"column":3}}]},"7":{"loc":{"start":{"line":93,"column":4},"end":{"line":109,"column":5}},"type":"switch","locations":[{"start":{"line":94,"column":6},"end":{"line":94,"column":18}},{"start":{"line":95,"column":6},"end":{"line":96,"column":67}},{"start":{"line":97,"column":6},"end":{"line":98,"column":66}},{"start":{"line":99,"column":6},"end":{"line":100,"column":67}},{"start":{"line":101,"column":6},"end":{"line":102,"column":67}},{"start":{"line":103,"column":6},"end":{"line":104,"column":67}},{"start":{"line":106,"column":6},"end":{"line":106,"column":17}},{"start":{"line":107,"column":6},"end":{"line":108,"column":46}}]},"8":{"loc":{"start":{"line":122,"column":4},"end":{"line":127,"column":5}},"type":"if","locations":[{"start":{"line":122,"column":4},"end":{"line":127,"column":5}}]},"9":{"loc":{"start":{"line":133,"column":4},"end":{"line":138,"column":5}},"type":"if","locations":[{"start":{"line":133,"column":4},"end":{"line":138,"column":5}}]},"10":{"loc":{"start":{"line":145,"column":4},"end":{"line":164,"column":5}},"type":"if","locations":[{"start":{"line":145,"column":4},"end":{"line":164,"column":5}}]},"11":{"loc":{"start":{"line":145,"column":8},"end":{"line":145,"column":41}},"type":"binary-expr","locations":[{"start":{"line":145,"column":8},"end":{"line":145,"column":22}},{"start":{"line":145,"column":26},"end":{"line":145,"column":41}}]},"12":{"loc":{"start":{"line":151,"column":6},"end":{"line":163,"column":7}},"type":"if","locations":[{"start":{"line":151,"column":6},"end":{"line":163,"column":7}}]},"13":{"loc":{"start":{"line":151,"column":10},"end":{"line":151,"column":72}},"type":"binary-expr","locations":[{"start":{"line":151,"column":10},"end":{"line":151,"column":38}},{"start":{"line":151,"column":42},"end":{"line":151,"column":72}}]},"14":{"loc":{"start":{"line":171,"column":4},"end":{"line":195,"column":5}},"type":"if","locations":[{"start":{"line":171,"column":4},"end":{"line":195,"column":5}},{"start":{"line":175,"column":9},"end":{"line":195,"column":5}}]},"15":{"loc":{"start":{"line":175,"column":9},"end":{"line":195,"column":5}},"type":"if","locations":[{"start":{"line":175,"column":9},"end":{"line":195,"column":5}},{"start":{"line":179,"column":9},"end":{"line":195,"column":5}}]},"16":{"loc":{"start":{"line":175,"column":13},"end":{"line":175,"column":54}},"type":"binary-expr","locations":[{"start":{"line":175,"column":13},"end":{"line":175,"column":31}},{"start":{"line":175,"column":35},"end":{"line":175,"column":54}}]},"17":{"loc":{"start":{"line":179,"column":9},"end":{"line":195,"column":5}},"type":"if","locations":[{"start":{"line":179,"column":9},"end":{"line":195,"column":5}},{"start":{"line":183,"column":9},"end":{"line":195,"column":5}}]},"18":{"loc":{"start":{"line":183,"column":9},"end":{"line":195,"column":5}},"type":"if","locations":[{"start":{"line":183,"column":9},"end":{"line":195,"column":5}},{"start":{"line":187,"column":9},"end":{"line":195,"column":5}}]},"19":{"loc":{"start":{"line":187,"column":9},"end":{"line":195,"column":5}},"type":"if","locations":[{"start":{"line":187,"column":9},"end":{"line":195,"column":5}},{"start":{"line":192,"column":9},"end":{"line":195,"column":5}}]},"20":{"loc":{"start":{"line":192,"column":9},"end":{"line":195,"column":5}},"type":"if","locations":[{"start":{"line":192,"column":9},"end":{"line":195,"column":5}}]},"21":{"loc":{"start":{"line":230,"column":48},"end":{"line":230,"column":102}},"type":"cond-expr","locations":[{"start":{"line":230,"column":73},"end":{"line":230,"column":86}},{"start":{"line":230,"column":89},"end":{"line":230,"column":102}}]},"22":{"loc":{"start":{"line":242,"column":4},"end":{"line":247,"column":5}},"type":"if","locations":[{"start":{"line":242,"column":4},"end":{"line":247,"column":5}}]},"23":{"loc":{"start":{"line":242,"column":8},"end":{"line":242,"column":65}},"type":"binary-expr","locations":[{"start":{"line":242,"column":8},"end":{"line":242,"column":34}},{"start":{"line":242,"column":38},"end":{"line":242,"column":65}}]},"24":{"loc":{"start":{"line":250,"column":4},"end":{"line":263,"column":5}},"type":"if","locations":[{"start":{"line":250,"column":4},"end":{"line":263,"column":5}}]},"25":{"loc":{"start":{"line":254,"column":8},"end":{"line":254,"column":72}},"type":"binary-expr","locations":[{"start":{"line":254,"column":8},"end":{"line":254,"column":32}},{"start":{"line":254,"column":36},"end":{"line":254,"column":72}}]},"26":{"loc":{"start":{"line":257,"column":6},"end":{"line":262,"column":7}},"type":"if","locations":[{"start":{"line":257,"column":6},"end":{"line":262,"column":7}}]},"27":{"loc":{"start":{"line":277,"column":4},"end":{"line":296,"column":5}},"type":"if","locations":[{"start":{"line":277,"column":4},"end":{"line":296,"column":5}}]},"28":{"loc":{"start":{"line":277,"column":8},"end":{"line":277,"column":41}},"type":"binary-expr","locations":[{"start":{"line":277,"column":8},"end":{"line":277,"column":22}},{"start":{"line":277,"column":26},"end":{"line":277,"column":41}}]},"29":{"loc":{"start":{"line":283,"column":6},"end":{"line":295,"column":7}},"type":"if","locations":[{"start":{"line":283,"column":6},"end":{"line":295,"column":7}}]},"30":{"loc":{"start":{"line":283,"column":10},"end":{"line":283,"column":72}},"type":"binary-expr","locations":[{"start":{"line":283,"column":10},"end":{"line":283,"column":38}},{"start":{"line":283,"column":42},"end":{"line":283,"column":72}}]},"31":{"loc":{"start":{"line":300,"column":21},"end":{"line":300,"column":46}},"type":"binary-expr","locations":[{"start":{"line":300,"column":21},"end":{"line":300,"column":36}},{"start":{"line":300,"column":40},"end":{"line":300,"column":46}}]},"32":{"loc":{"start":{"line":309,"column":21},"end":{"line":309,"column":69}},"type":"binary-expr","locations":[{"start":{"line":309,"column":21},"end":{"line":309,"column":53}},{"start":{"line":309,"column":57},"end":{"line":309,"column":69}}]},"33":{"loc":{"start":{"line":333,"column":48},"end":{"line":333,"column":102}},"type":"cond-expr","locations":[{"start":{"line":333,"column":73},"end":{"line":333,"column":86}},{"start":{"line":333,"column":89},"end":{"line":333,"column":102}}]},"34":{"loc":{"start":{"line":350,"column":6},"end":{"line":352,"column":7}},"type":"if","locations":[{"start":{"line":350,"column":6},"end":{"line":352,"column":7}}]},"35":{"loc":{"start":{"line":355,"column":74},"end":{"line":355,"column":116}},"type":"cond-expr","locations":[{"start":{"line":355,"column":95},"end":{"line":355,"column":104}},{"start":{"line":355,"column":107},"end":{"line":355,"column":116}}]},"36":{"loc":{"start":{"line":361,"column":4},"end":{"line":366,"column":5}},"type":"if","locations":[{"start":{"line":361,"column":4},"end":{"line":366,"column":5}}]},"37":{"loc":{"start":{"line":374,"column":81},"end":{"line":374,"column":123}},"type":"cond-expr","locations":[{"start":{"line":374,"column":102},"end":{"line":374,"column":111}},{"start":{"line":374,"column":114},"end":{"line":374,"column":123}}]},"38":{"loc":{"start":{"line":381,"column":4},"end":{"line":400,"column":5}},"type":"if","locations":[{"start":{"line":381,"column":4},"end":{"line":400,"column":5}}]},"39":{"loc":{"start":{"line":381,"column":8},"end":{"line":381,"column":41}},"type":"binary-expr","locations":[{"start":{"line":381,"column":8},"end":{"line":381,"column":22}},{"start":{"line":381,"column":26},"end":{"line":381,"column":41}}]},"40":{"loc":{"start":{"line":387,"column":6},"end":{"line":399,"column":7}},"type":"if","locations":[{"start":{"line":387,"column":6},"end":{"line":399,"column":7}}]},"41":{"loc":{"start":{"line":387,"column":10},"end":{"line":387,"column":72}},"type":"binary-expr","locations":[{"start":{"line":387,"column":10},"end":{"line":387,"column":38}},{"start":{"line":387,"column":42},"end":{"line":387,"column":72}}]},"42":{"loc":{"start":{"line":404,"column":21},"end":{"line":404,"column":73}},"type":"binary-expr","locations":[{"start":{"line":404,"column":21},"end":{"line":404,"column":36}},{"start":{"line":404,"column":40},"end":{"line":404,"column":63}},{"start":{"line":404,"column":67},"end":{"line":404,"column":73}}]},"43":{"loc":{"start":{"line":436,"column":48},"end":{"line":436,"column":102}},"type":"cond-expr","locations":[{"start":{"line":436,"column":73},"end":{"line":436,"column":86}},{"start":{"line":436,"column":89},"end":{"line":436,"column":102}}]}},"s":{"0":3,"1":3,"2":3,"3":3,"4":3,"5":3,"6":3,"7":3,"8":3,"9":3,"10":3,"11":3,"12":3,"13":3,"14":4,"15":4,"16":4,"17":4,"18":4,"19":2,"20":2,"21":0,"22":0,"23":0,"24":0,"25":0,"26":3,"27":3,"28":3,"29":0,"30":3,"31":3,"32":0,"33":3,"34":3,"35":3,"36":3,"37":3,"38":3,"39":3,"40":3,"41":3,"42":3,"43":3,"44":1,"45":1,"46":2,"47":1,"48":1,"49":1,"50":0,"51":0,"52":1,"53":0,"54":0,"55":1,"56":0,"57":0,"58":1,"59":0,"60":0,"61":3,"62":3,"63":1,"64":3,"65":3,"66":0,"67":0,"68":2,"69":2,"70":2,"71":1,"72":1,"73":0,"74":0,"75":0,"76":0,"77":0,"78":0,"79":1,"80":0,"81":0,"82":0,"83":0,"84":0,"85":0,"86":0,"87":0,"88":0,"89":0,"90":0,"91":0,"92":0,"93":0,"94":0,"95":1,"96":1,"97":2,"98":2,"99":2,"100":2,"101":1,"102":0,"103":1,"104":1,"105":0,"106":1,"107":1,"108":0,"109":1,"110":1,"111":1,"112":1,"113":1,"114":1,"115":1,"116":1,"117":1,"118":1,"119":1,"120":1,"121":0,"122":0},"f":{"0":4,"1":3,"2":2,"3":0,"4":2},"b":{"0":[3,3],"1":[0,3],"2":[3,3],"3":[3,3],"4":[3,3],"5":[3,3],"6":[4],"7":[2,2,2,0,0,0,0,0],"8":[0],"9":[0],"10":[3],"11":[3,3],"12":[3],"13":[3,0],"14":[1,2],"15":[1,1],"16":[2,1],"17":[0,1],"18":[0,1],"19":[0,1],"20":[0],"21":[0,0],"22":[1],"23":[2,2],"24":[0],"25":[0,0],"26":[0],"27":[0],"28":[0,0],"29":[0],"30":[0,0],"31":[0,0],"32":[0,0],"33":[1,0],"34":[0],"35":[1,0],"36":[0],"37":[0,0],"38":[1],"39":[1,1],"40":[1],"41":[1,0],"42":[1,1,0],"43":[0,0]}}
}
