{"C:\\Users\\Astrsk\\Documents\\GitHub\\mcp-image-extractor_fork\\src\\image-utils.ts": {"path":"C:\\Users\\Astrsk\\Documents\\GitHub\\mcp-image-extractor_fork\\src\\image-utils.ts","statementMap":{"0":{"start":{"line":210,"column":0},"end":{"line":210,"column":7}},"1":{"start":{"line":337,"column":0},"end":{"line":337,"column":7}},"2":{"start":{"line":447,"column":0},"end":{"line":447,"column":7}},"3":{"start":{"line":1,"column":0},"end":{"line":1,"column":26}},"4":{"start":{"line":2,"column":0},"end":{"line":2,"column":26}},"5":{"start":{"line":3,"column":0},"end":{"line":3,"column":25}},"6":{"start":{"line":4,"column":0},"end":{"line":4,"column":29}},"7":{"start":{"line":7,"column":23},"end":{"line":7,"column":77}},"8":{"start":{"line":8,"column":24},"end":{"line":8,"column":97}},"9":{"start":{"line":11,"column":26},"end":{"line":11,"column":78}},"10":{"start":{"line":12,"column":27},"end":{"line":12,"column":80}},"11":{"start":{"line":15,"column":28},"end":{"line":15,"column":81}},"12":{"start":{"line":18,"column":30},"end":{"line":18,"column":84}},"13":{"start":{"line":23,"column":61},"end":{"line":32,"column":2}},"14":{"start":{"line":91,"column":24},"end":{"line":91,"column":42}},"15":{"start":{"line":92,"column":17},"end":{"line":92,"column":59}},"16":{"start":{"line":95,"column":2},"end":{"line":116,"column":3}},"17":{"start":{"line":96,"column":20},"end":{"line":96,"column":47}},"18":{"start":{"line":99,"column":4},"end":{"line":115,"column":5}},"19":{"start":{"line":102,"column":8},"end":{"line":102,"column":67}},"20":{"start":{"line":104,"column":8},"end":{"line":104,"column":66}},"21":{"start":{"line":106,"column":8},"end":{"line":106,"column":67}},"22":{"start":{"line":108,"column":8},"end":{"line":108,"column":67}},"23":{"start":{"line":110,"column":8},"end":{"line":110,"column":67}},"24":{"start":{"line":114,"column":8},"end":{"line":114,"column":46}},"25":{"start":{"line":119,"column":2},"end":{"line":119,"column":78}},"26":{"start":{"line":128,"column":2},"end":{"line":128,"column":47}},"27":{"start":{"line":128,"column":27},"end":{"line":128,"column":45}},"28":{"start":{"line":138,"column":2},"end":{"line":138,"column":106}},"29":{"start":{"line":138,"column":94},"end":{"line":138,"column":106}},"30":{"start":{"line":139,"column":2},"end":{"line":139,"column":55}},"31":{"start":{"line":139,"column":43},"end":{"line":139,"column":55}},"32":{"start":{"line":141,"column":13},"end":{"line":141,"column":14}},"33":{"start":{"line":142,"column":12},"end":{"line":142,"column":13}},"34":{"start":{"line":143,"column":14},"end":{"line":143,"column":28}},"35":{"start":{"line":144,"column":15},"end":{"line":144,"column":30}},"36":{"start":{"line":145,"column":19},"end":{"line":145,"column":24}},"37":{"start":{"line":147,"column":2},"end":{"line":180,"column":3}},"38":{"start":{"line":148,"column":29},"end":{"line":148,"column":39}},"39":{"start":{"line":149,"column":4},"end":{"line":159,"column":5}},"40":{"start":{"line":150,"column":6},"end":{"line":150,"column":45}},"41":{"start":{"line":151,"column":6},"end":{"line":151,"column":45}},"42":{"start":{"line":152,"column":6},"end":{"line":152,"column":53}},"43":{"start":{"line":153,"column":6},"end":{"line":153,"column":55}},"44":{"start":{"line":155,"column":6},"end":{"line":155,"column":28}},"45":{"start":{"line":156,"column":6},"end":{"line":156,"column":27}},"46":{"start":{"line":157,"column":6},"end":{"line":157,"column":34}},"47":{"start":{"line":158,"column":6},"end":{"line":158,"column":35}},"48":{"start":{"line":160,"column":4},"end":{"line":160,"column":22}},"49":{"start":{"line":161,"column":9},"end":{"line":180,"column":3}},"50":{"start":{"line":162,"column":29},"end":{"line":162,"column":40}},"51":{"start":{"line":163,"column":4},"end":{"line":178,"column":5}},"52":{"start":{"line":164,"column":22},"end":{"line":164,"column":41}},"53":{"start":{"line":165,"column":22},"end":{"line":165,"column":42}},"54":{"start":{"line":166,"column":22},"end":{"line":166,"column":41}},"55":{"start":{"line":167,"column":22},"end":{"line":167,"column":42}},"56":{"start":{"line":169,"column":6},"end":{"line":169,"column":43}},"57":{"start":{"line":170,"column":6},"end":{"line":170,"column":42}},"58":{"start":{"line":171,"column":6},"end":{"line":171,"column":38}},"59":{"start":{"line":172,"column":6},"end":{"line":172,"column":39}},"60":{"start":{"line":174,"column":6},"end":{"line":174,"column":33}},"61":{"start":{"line":175,"column":6},"end":{"line":175,"column":32}},"62":{"start":{"line":176,"column":6},"end":{"line":176,"column":33}},"63":{"start":{"line":177,"column":6},"end":{"line":177,"column":34}},"64":{"start":{"line":179,"column":4},"end":{"line":179,"column":22}},"65":{"start":{"line":182,"column":2},"end":{"line":204,"column":3}},"66":{"start":{"line":184,"column":21},"end":{"line":184,"column":35}},"67":{"start":{"line":185,"column":22},"end":{"line":185,"column":37}},"68":{"start":{"line":187,"column":4},"end":{"line":187,"column":29}},"69":{"start":{"line":188,"column":4},"end":{"line":188,"column":27}},"70":{"start":{"line":191,"column":4},"end":{"line":193,"column":5}},"71":{"start":{"line":192,"column":8},"end":{"line":192,"column":32}},"72":{"start":{"line":194,"column":4},"end":{"line":196,"column":5}},"73":{"start":{"line":195,"column":8},"end":{"line":195,"column":33}},"74":{"start":{"line":199,"column":4},"end":{"line":203,"column":5}},"75":{"start":{"line":200,"column":6},"end":{"line":202,"column":20}},"76":{"start":{"line":206,"column":2},"end":{"line":206,"column":14}},"77":{"start":{"line":211,"column":2},"end":{"line":333,"column":3}},"78":{"start":{"line":212,"column":57},"end":{"line":212,"column":63}},"79":{"start":{"line":215,"column":4},"end":{"line":220,"column":5}},"80":{"start":{"line":216,"column":6},"end":{"line":219,"column":8}},"81":{"start":{"line":223,"column":22},"end":{"line":223,"column":48}},"82":{"start":{"line":226,"column":4},"end":{"line":231,"column":5}},"83":{"start":{"line":227,"column":6},"end":{"line":230,"column":8}},"84":{"start":{"line":234,"column":19},"end":{"line":234,"column":54}},"85":{"start":{"line":237,"column":26},"end":{"line":237,"column":109}},"86":{"start":{"line":238,"column":4},"end":{"line":241,"column":5}},"87":{"start":{"line":239,"column":6},"end":{"line":239,"column":34}},"88":{"start":{"line":240,"column":6},"end":{"line":240,"column":53}},"89":{"start":{"line":245,"column":4},"end":{"line":264,"column":5}},"90":{"start":{"line":247,"column":26},"end":{"line":247,"column":69}},"91":{"start":{"line":248,"column":27},"end":{"line":248,"column":72}},"92":{"start":{"line":251,"column":6},"end":{"line":263,"column":7}},"93":{"start":{"line":252,"column":8},"end":{"line":259,"column":22}},"94":{"start":{"line":262,"column":8},"end":{"line":262,"column":55}},"95":{"start":{"line":267,"column":20},"end":{"line":267,"column":57}},"96":{"start":{"line":268,"column":19},"end":{"line":268,"column":31}},"97":{"start":{"line":269,"column":17},"end":{"line":269,"column":23}},"98":{"start":{"line":271,"column":4},"end":{"line":295,"column":5}},"99":{"start":{"line":272,"column":6},"end":{"line":272,"column":29}},"100":{"start":{"line":273,"column":6},"end":{"line":273,"column":21}},"101":{"start":{"line":275,"column":9},"end":{"line":295,"column":5}},"102":{"start":{"line":276,"column":6},"end":{"line":276,"column":30}},"103":{"start":{"line":277,"column":6},"end":{"line":277,"column":22}},"104":{"start":{"line":279,"column":9},"end":{"line":295,"column":5}},"105":{"start":{"line":280,"column":6},"end":{"line":280,"column":29}},"106":{"start":{"line":281,"column":6},"end":{"line":281,"column":21}},"107":{"start":{"line":283,"column":9},"end":{"line":295,"column":5}},"108":{"start":{"line":284,"column":6},"end":{"line":284,"column":30}},"109":{"start":{"line":285,"column":6},"end":{"line":285,"column":22}},"110":{"start":{"line":287,"column":9},"end":{"line":295,"column":5}},"111":{"start":{"line":289,"column":6},"end":{"line":289,"column":29}},"112":{"start":{"line":290,"column":6},"end":{"line":290,"column":21}},"113":{"start":{"line":292,"column":9},"end":{"line":295,"column":5}},"114":{"start":{"line":293,"column":6},"end":{"line":293,"column":30}},"115":{"start":{"line":294,"column":6},"end":{"line":294,"column":22}},"116":{"start":{"line":298,"column":4},"end":{"line":303,"column":5}},"117":{"start":{"line":299,"column":6},"end":{"line":299,"column":61}},"118":{"start":{"line":301,"column":6},"end":{"line":301,"column":83}},"119":{"start":{"line":306,"column":19},"end":{"line":306,"column":49}},"120":{"start":{"line":309,"column":4},"end":{"line":326,"column":6}},"121":{"start":{"line":328,"column":4},"end":{"line":328,"column":57}},"122":{"start":{"line":329,"column":4},"end":{"line":332,"column":6}},"123":{"start":{"line":338,"column":2},"end":{"line":443,"column":3}},"124":{"start":{"line":339,"column":51},"end":{"line":339,"column":57}},"125":{"start":{"line":342,"column":4},"end":{"line":347,"column":5}},"126":{"start":{"line":343,"column":6},"end":{"line":346,"column":8}},"127":{"start":{"line":350,"column":4},"end":{"line":363,"column":5}},"128":{"start":{"line":351,"column":21},"end":{"line":351,"column":33}},"129":{"start":{"line":352,"column":21},"end":{"line":352,"column":36}},"130":{"start":{"line":353,"column":24},"end":{"line":354,"column":null}},"131":{"start":{"line":354,"column":8},"end":{"line":354,"column":72}},"132":{"start":{"line":357,"column":6},"end":{"line":362,"column":7}},"133":{"start":{"line":358,"column":8},"end":{"line":361,"column":10}},"134":{"start":{"line":366,"column":21},"end":{"line":369,"column":6}},"135":{"start":{"line":372,"column":22},"end":{"line":372,"column":48}},"136":{"start":{"line":373,"column":19},"end":{"line":373,"column":54}},"137":{"start":{"line":376,"column":26},"end":{"line":376,"column":109}},"138":{"start":{"line":377,"column":4},"end":{"line":380,"column":5}},"139":{"start":{"line":378,"column":6},"end":{"line":378,"column":34}},"140":{"start":{"line":379,"column":6},"end":{"line":379,"column":53}},"141":{"start":{"line":384,"column":4},"end":{"line":403,"column":5}},"142":{"start":{"line":386,"column":26},"end":{"line":386,"column":69}},"143":{"start":{"line":387,"column":27},"end":{"line":387,"column":72}},"144":{"start":{"line":390,"column":6},"end":{"line":402,"column":7}},"145":{"start":{"line":391,"column":8},"end":{"line":398,"column":22}},"146":{"start":{"line":401,"column":8},"end":{"line":401,"column":55}},"147":{"start":{"line":406,"column":4},"end":{"line":412,"column":5}},"148":{"start":{"line":407,"column":21},"end":{"line":407,"column":46}},"149":{"start":{"line":408,"column":6},"end":{"line":408,"column":61}},"150":{"start":{"line":410,"column":6},"end":{"line":410,"column":83}},"151":{"start":{"line":415,"column":19},"end":{"line":415,"column":49}},"152":{"start":{"line":416,"column":21},"end":{"line":416,"column":69}},"153":{"start":{"line":419,"column":4},"end":{"line":436,"column":6}},"154":{"start":{"line":438,"column":4},"end":{"line":438,"column":61}},"155":{"start":{"line":439,"column":4},"end":{"line":442,"column":6}},"156":{"start":{"line":448,"column":2},"end":{"line":553,"column":3}},"157":{"start":{"line":449,"column":65},"end":{"line":449,"column":71}},"158":{"start":{"line":453,"column":4},"end":{"line":465,"column":5}},"159":{"start":{"line":454,"column":6},"end":{"line":454,"column":50}},"160":{"start":{"line":457,"column":6},"end":{"line":459,"column":7}},"161":{"start":{"line":458,"column":8},"end":{"line":458,"column":75}},"162":{"start":{"line":461,"column":6},"end":{"line":464,"column":8}},"163":{"start":{"line":468,"column":4},"end":{"line":473,"column":5}},"164":{"start":{"line":469,"column":6},"end":{"line":472,"column":8}},"165":{"start":{"line":477,"column":4},"end":{"line":484,"column":5}},"166":{"start":{"line":478,"column":6},"end":{"line":478,"column":53}},"167":{"start":{"line":480,"column":6},"end":{"line":483,"column":8}},"168":{"start":{"line":487,"column":26},"end":{"line":487,"column":109}},"169":{"start":{"line":488,"column":4},"end":{"line":491,"column":5}},"170":{"start":{"line":489,"column":6},"end":{"line":489,"column":34}},"171":{"start":{"line":490,"column":6},"end":{"line":490,"column":53}},"172":{"start":{"line":495,"column":4},"end":{"line":514,"column":5}},"173":{"start":{"line":497,"column":26},"end":{"line":497,"column":69}},"174":{"start":{"line":498,"column":27},"end":{"line":498,"column":72}},"175":{"start":{"line":501,"column":6},"end":{"line":513,"column":7}},"176":{"start":{"line":502,"column":8},"end":{"line":509,"column":22}},"177":{"start":{"line":512,"column":8},"end":{"line":512,"column":55}},"178":{"start":{"line":517,"column":4},"end":{"line":523,"column":5}},"179":{"start":{"line":518,"column":21},"end":{"line":518,"column":73}},"180":{"start":{"line":519,"column":6},"end":{"line":519,"column":61}},"181":{"start":{"line":521,"column":6},"end":{"line":521,"column":83}},"182":{"start":{"line":526,"column":28},"end":{"line":526,"column":58}},"183":{"start":{"line":529,"column":4},"end":{"line":546,"column":6}},"184":{"start":{"line":548,"column":4},"end":{"line":548,"column":59}},"185":{"start":{"line":549,"column":4},"end":{"line":552,"column":6}}},"fnMap":{"0":{"name":"compressImage","decl":{"start":{"line":90,"column":15},"end":{"line":90,"column":28}},"loc":{"start":{"line":90,"column":67},"end":{"line":120,"column":1}}},"1":{"name":"isRatio","decl":{"start":{"line":123,"column":9},"end":{"line":123,"column":16}},"loc":{"start":{"line":123,"column":33},"end":{"line":129,"column":1}}},"2":{"name":"(anonymous_12)","decl":{"start":{"line":128,"column":22},"end":{"line":128,"column":23}},"loc":{"start":{"line":128,"column":27},"end":{"line":128,"column":45}}},"3":{"name":"applyImageFocus","decl":{"start":{"line":132,"column":15},"end":{"line":132,"column":30}},"loc":{"start":{"line":136,"column":24},"end":{"line":207,"column":1}}},"4":{"name":"extractImageFromFile","decl":{"start":{"line":210,"column":22},"end":{"line":210,"column":42}},"loc":{"start":{"line":210,"column":77},"end":{"line":334,"column":1}}},"5":{"name":"extractImageFromUrl","decl":{"start":{"line":337,"column":22},"end":{"line":337,"column":41}},"loc":{"start":{"line":337,"column":75},"end":{"line":444,"column":1}}},"6":{"name":"(anonymous_16)","decl":{"start":{"line":353,"column":45},"end":{"line":353,"column":46}},"loc":{"start":{"line":354,"column":8},"end":{"line":354,"column":72}}},"7":{"name":"extractImageFromBase64","decl":{"start":{"line":447,"column":22},"end":{"line":447,"column":44}},"loc":{"start":{"line":447,"column":81},"end":{"line":554,"column":1}}}},"branchMap":{"0":{"loc":{"start":{"line":7,"column":32},"end":{"line":7,"column":72}},"type":"binary-expr","locations":[{"start":{"line":7,"column":32},"end":{"line":7,"column":58}},{"start":{"line":7,"column":62},"end":{"line":7,"column":72}}]},"1":{"loc":{"start":{"line":8,"column":24},"end":{"line":8,"column":97}},"type":"cond-expr","locations":[{"start":{"line":8,"column":54},"end":{"line":8,"column":92}},{"start":{"line":8,"column":95},"end":{"line":8,"column":97}}]},"2":{"loc":{"start":{"line":11,"column":35},"end":{"line":11,"column":73}},"type":"binary-expr","locations":[{"start":{"line":11,"column":35},"end":{"line":11,"column":64}},{"start":{"line":11,"column":68},"end":{"line":11,"column":73}}]},"3":{"loc":{"start":{"line":12,"column":36},"end":{"line":12,"column":75}},"type":"binary-expr","locations":[{"start":{"line":12,"column":36},"end":{"line":12,"column":66}},{"start":{"line":12,"column":70},"end":{"line":12,"column":75}}]},"4":{"loc":{"start":{"line":15,"column":37},"end":{"line":15,"column":76}},"type":"binary-expr","locations":[{"start":{"line":15,"column":37},"end":{"line":15,"column":68}},{"start":{"line":15,"column":72},"end":{"line":15,"column":76}}]},"5":{"loc":{"start":{"line":18,"column":39},"end":{"line":18,"column":79}},"type":"binary-expr","locations":[{"start":{"line":18,"column":39},"end":{"line":18,"column":72}},{"start":{"line":18,"column":76},"end":{"line":18,"column":79}}]},"6":{"loc":{"start":{"line":95,"column":2},"end":{"line":116,"column":3}},"type":"if","locations":[{"start":{"line":95,"column":2},"end":{"line":116,"column":3}}]},"7":{"loc":{"start":{"line":99,"column":4},"end":{"line":115,"column":5}},"type":"switch","locations":[{"start":{"line":100,"column":6},"end":{"line":100,"column":18}},{"start":{"line":101,"column":6},"end":{"line":102,"column":67}},{"start":{"line":103,"column":6},"end":{"line":104,"column":66}},{"start":{"line":105,"column":6},"end":{"line":106,"column":67}},{"start":{"line":107,"column":6},"end":{"line":108,"column":67}},{"start":{"line":109,"column":6},"end":{"line":110,"column":67}},{"start":{"line":112,"column":6},"end":{"line":112,"column":17}},{"start":{"line":113,"column":6},"end":{"line":114,"column":46}}]},"8":{"loc":{"start":{"line":128,"column":27},"end":{"line":128,"column":45}},"type":"binary-expr","locations":[{"start":{"line":128,"column":27},"end":{"line":128,"column":33}},{"start":{"line":128,"column":37},"end":{"line":128,"column":45}}]},"9":{"loc":{"start":{"line":138,"column":2},"end":{"line":138,"column":106}},"type":"if","locations":[{"start":{"line":138,"column":2},"end":{"line":138,"column":106}}]},"10":{"loc":{"start":{"line":138,"column":6},"end":{"line":138,"column":92}},"type":"binary-expr","locations":[{"start":{"line":138,"column":7},"end":{"line":138,"column":18}},{"start":{"line":138,"column":22},"end":{"line":138,"column":45}},{"start":{"line":138,"column":51},"end":{"line":138,"column":63}},{"start":{"line":138,"column":67},"end":{"line":138,"column":91}}]},"11":{"loc":{"start":{"line":139,"column":2},"end":{"line":139,"column":55}},"type":"if","locations":[{"start":{"line":139,"column":2},"end":{"line":139,"column":55}}]},"12":{"loc":{"start":{"line":139,"column":6},"end":{"line":139,"column":41}},"type":"binary-expr","locations":[{"start":{"line":139,"column":6},"end":{"line":139,"column":21}},{"start":{"line":139,"column":25},"end":{"line":139,"column":41}}]},"13":{"loc":{"start":{"line":147,"column":2},"end":{"line":180,"column":3}},"type":"if","locations":[{"start":{"line":147,"column":2},"end":{"line":180,"column":3}},{"start":{"line":161,"column":9},"end":{"line":180,"column":3}}]},"14":{"loc":{"start":{"line":147,"column":6},"end":{"line":147,"column":43}},"type":"binary-expr","locations":[{"start":{"line":147,"column":6},"end":{"line":147,"column":16}},{"start":{"line":147,"column":20},"end":{"line":147,"column":43}}]},"15":{"loc":{"start":{"line":149,"column":4},"end":{"line":159,"column":5}},"type":"if","locations":[{"start":{"line":149,"column":4},"end":{"line":159,"column":5}},{"start":{"line":154,"column":11},"end":{"line":159,"column":5}}]},"16":{"loc":{"start":{"line":161,"column":9},"end":{"line":180,"column":3}},"type":"if","locations":[{"start":{"line":161,"column":9},"end":{"line":180,"column":3}}]},"17":{"loc":{"start":{"line":161,"column":13},"end":{"line":161,"column":52}},"type":"binary-expr","locations":[{"start":{"line":161,"column":13},"end":{"line":161,"column":24}},{"start":{"line":161,"column":28},"end":{"line":161,"column":52}}]},"18":{"loc":{"start":{"line":163,"column":4},"end":{"line":178,"column":5}},"type":"if","locations":[{"start":{"line":163,"column":4},"end":{"line":178,"column":5}},{"start":{"line":173,"column":11},"end":{"line":178,"column":5}}]},"19":{"loc":{"start":{"line":182,"column":2},"end":{"line":204,"column":3}},"type":"if","locations":[{"start":{"line":182,"column":2},"end":{"line":204,"column":3}}]},"20":{"loc":{"start":{"line":191,"column":4},"end":{"line":193,"column":5}},"type":"if","locations":[{"start":{"line":191,"column":4},"end":{"line":193,"column":5}}]},"21":{"loc":{"start":{"line":194,"column":4},"end":{"line":196,"column":5}},"type":"if","locations":[{"start":{"line":194,"column":4},"end":{"line":196,"column":5}}]},"22":{"loc":{"start":{"line":199,"column":4},"end":{"line":203,"column":5}},"type":"if","locations":[{"start":{"line":199,"column":4},"end":{"line":203,"column":5}}]},"23":{"loc":{"start":{"line":199,"column":8},"end":{"line":199,"column":31}},"type":"binary-expr","locations":[{"start":{"line":199,"column":8},"end":{"line":199,"column":17}},{"start":{"line":199,"column":21},"end":{"line":199,"column":31}}]},"24":{"loc":{"start":{"line":215,"column":4},"end":{"line":220,"column":5}},"type":"if","locations":[{"start":{"line":215,"column":4},"end":{"line":220,"column":5}}]},"25":{"loc":{"start":{"line":226,"column":4},"end":{"line":231,"column":5}},"type":"if","locations":[{"start":{"line":226,"column":4},"end":{"line":231,"column":5}}]},"26":{"loc":{"start":{"line":238,"column":4},"end":{"line":241,"column":5}},"type":"if","locations":[{"start":{"line":238,"column":4},"end":{"line":241,"column":5}}]},"27":{"loc":{"start":{"line":245,"column":4},"end":{"line":264,"column":5}},"type":"if","locations":[{"start":{"line":245,"column":4},"end":{"line":264,"column":5}}]},"28":{"loc":{"start":{"line":245,"column":8},"end":{"line":245,"column":41}},"type":"binary-expr","locations":[{"start":{"line":245,"column":8},"end":{"line":245,"column":22}},{"start":{"line":245,"column":26},"end":{"line":245,"column":41}}]},"29":{"loc":{"start":{"line":251,"column":6},"end":{"line":263,"column":7}},"type":"if","locations":[{"start":{"line":251,"column":6},"end":{"line":263,"column":7}}]},"30":{"loc":{"start":{"line":251,"column":10},"end":{"line":251,"column":72}},"type":"binary-expr","locations":[{"start":{"line":251,"column":10},"end":{"line":251,"column":38}},{"start":{"line":251,"column":42},"end":{"line":251,"column":72}}]},"31":{"loc":{"start":{"line":271,"column":4},"end":{"line":295,"column":5}},"type":"if","locations":[{"start":{"line":271,"column":4},"end":{"line":295,"column":5}},{"start":{"line":275,"column":9},"end":{"line":295,"column":5}}]},"32":{"loc":{"start":{"line":275,"column":9},"end":{"line":295,"column":5}},"type":"if","locations":[{"start":{"line":275,"column":9},"end":{"line":295,"column":5}},{"start":{"line":279,"column":9},"end":{"line":295,"column":5}}]},"33":{"loc":{"start":{"line":275,"column":13},"end":{"line":275,"column":54}},"type":"binary-expr","locations":[{"start":{"line":275,"column":13},"end":{"line":275,"column":31}},{"start":{"line":275,"column":35},"end":{"line":275,"column":54}}]},"34":{"loc":{"start":{"line":279,"column":9},"end":{"line":295,"column":5}},"type":"if","locations":[{"start":{"line":279,"column":9},"end":{"line":295,"column":5}},{"start":{"line":283,"column":9},"end":{"line":295,"column":5}}]},"35":{"loc":{"start":{"line":283,"column":9},"end":{"line":295,"column":5}},"type":"if","locations":[{"start":{"line":283,"column":9},"end":{"line":295,"column":5}},{"start":{"line":287,"column":9},"end":{"line":295,"column":5}}]},"36":{"loc":{"start":{"line":287,"column":9},"end":{"line":295,"column":5}},"type":"if","locations":[{"start":{"line":287,"column":9},"end":{"line":295,"column":5}},{"start":{"line":292,"column":9},"end":{"line":295,"column":5}}]},"37":{"loc":{"start":{"line":292,"column":9},"end":{"line":295,"column":5}},"type":"if","locations":[{"start":{"line":292,"column":9},"end":{"line":295,"column":5}}]},"38":{"loc":{"start":{"line":330,"column":48},"end":{"line":330,"column":102}},"type":"cond-expr","locations":[{"start":{"line":330,"column":73},"end":{"line":330,"column":86}},{"start":{"line":330,"column":89},"end":{"line":330,"column":102}}]},"39":{"loc":{"start":{"line":342,"column":4},"end":{"line":347,"column":5}},"type":"if","locations":[{"start":{"line":342,"column":4},"end":{"line":347,"column":5}}]},"40":{"loc":{"start":{"line":342,"column":8},"end":{"line":342,"column":65}},"type":"binary-expr","locations":[{"start":{"line":342,"column":8},"end":{"line":342,"column":34}},{"start":{"line":342,"column":38},"end":{"line":342,"column":65}}]},"41":{"loc":{"start":{"line":350,"column":4},"end":{"line":363,"column":5}},"type":"if","locations":[{"start":{"line":350,"column":4},"end":{"line":363,"column":5}}]},"42":{"loc":{"start":{"line":354,"column":8},"end":{"line":354,"column":72}},"type":"binary-expr","locations":[{"start":{"line":354,"column":8},"end":{"line":354,"column":32}},{"start":{"line":354,"column":36},"end":{"line":354,"column":72}}]},"43":{"loc":{"start":{"line":357,"column":6},"end":{"line":362,"column":7}},"type":"if","locations":[{"start":{"line":357,"column":6},"end":{"line":362,"column":7}}]},"44":{"loc":{"start":{"line":377,"column":4},"end":{"line":380,"column":5}},"type":"if","locations":[{"start":{"line":377,"column":4},"end":{"line":380,"column":5}}]},"45":{"loc":{"start":{"line":384,"column":4},"end":{"line":403,"column":5}},"type":"if","locations":[{"start":{"line":384,"column":4},"end":{"line":403,"column":5}}]},"46":{"loc":{"start":{"line":384,"column":8},"end":{"line":384,"column":41}},"type":"binary-expr","locations":[{"start":{"line":384,"column":8},"end":{"line":384,"column":22}},{"start":{"line":384,"column":26},"end":{"line":384,"column":41}}]},"47":{"loc":{"start":{"line":390,"column":6},"end":{"line":402,"column":7}},"type":"if","locations":[{"start":{"line":390,"column":6},"end":{"line":402,"column":7}}]},"48":{"loc":{"start":{"line":390,"column":10},"end":{"line":390,"column":72}},"type":"binary-expr","locations":[{"start":{"line":390,"column":10},"end":{"line":390,"column":38}},{"start":{"line":390,"column":42},"end":{"line":390,"column":72}}]},"49":{"loc":{"start":{"line":407,"column":21},"end":{"line":407,"column":46}},"type":"binary-expr","locations":[{"start":{"line":407,"column":21},"end":{"line":407,"column":36}},{"start":{"line":407,"column":40},"end":{"line":407,"column":46}}]},"50":{"loc":{"start":{"line":416,"column":21},"end":{"line":416,"column":69}},"type":"binary-expr","locations":[{"start":{"line":416,"column":21},"end":{"line":416,"column":53}},{"start":{"line":416,"column":57},"end":{"line":416,"column":69}}]},"51":{"loc":{"start":{"line":440,"column":48},"end":{"line":440,"column":102}},"type":"cond-expr","locations":[{"start":{"line":440,"column":73},"end":{"line":440,"column":86}},{"start":{"line":440,"column":89},"end":{"line":440,"column":102}}]},"52":{"loc":{"start":{"line":457,"column":6},"end":{"line":459,"column":7}},"type":"if","locations":[{"start":{"line":457,"column":6},"end":{"line":459,"column":7}}]},"53":{"loc":{"start":{"line":462,"column":74},"end":{"line":462,"column":116}},"type":"cond-expr","locations":[{"start":{"line":462,"column":95},"end":{"line":462,"column":104}},{"start":{"line":462,"column":107},"end":{"line":462,"column":116}}]},"54":{"loc":{"start":{"line":468,"column":4},"end":{"line":473,"column":5}},"type":"if","locations":[{"start":{"line":468,"column":4},"end":{"line":473,"column":5}}]},"55":{"loc":{"start":{"line":481,"column":81},"end":{"line":481,"column":123}},"type":"cond-expr","locations":[{"start":{"line":481,"column":102},"end":{"line":481,"column":111}},{"start":{"line":481,"column":114},"end":{"line":481,"column":123}}]},"56":{"loc":{"start":{"line":488,"column":4},"end":{"line":491,"column":5}},"type":"if","locations":[{"start":{"line":488,"column":4},"end":{"line":491,"column":5}}]},"57":{"loc":{"start":{"line":495,"column":4},"end":{"line":514,"column":5}},"type":"if","locations":[{"start":{"line":495,"column":4},"end":{"line":514,"column":5}}]},"58":{"loc":{"start":{"line":495,"column":8},"end":{"line":495,"column":41}},"type":"binary-expr","locations":[{"start":{"line":495,"column":8},"end":{"line":495,"column":22}},{"start":{"line":495,"column":26},"end":{"line":495,"column":41}}]},"59":{"loc":{"start":{"line":501,"column":6},"end":{"line":513,"column":7}},"type":"if","locations":[{"start":{"line":501,"column":6},"end":{"line":513,"column":7}}]},"60":{"loc":{"start":{"line":501,"column":10},"end":{"line":501,"column":72}},"type":"binary-expr","locations":[{"start":{"line":501,"column":10},"end":{"line":501,"column":38}},{"start":{"line":501,"column":42},"end":{"line":501,"column":72}}]},"61":{"loc":{"start":{"line":518,"column":21},"end":{"line":518,"column":73}},"type":"binary-expr","locations":[{"start":{"line":518,"column":21},"end":{"line":518,"column":36}},{"start":{"line":518,"column":40},"end":{"line":518,"column":63}},{"start":{"line":518,"column":67},"end":{"line":518,"column":73}}]},"62":{"loc":{"start":{"line":550,"column":48},"end":{"line":550,"column":102}},"type":"cond-expr","locations":[{"start":{"line":550,"column":73},"end":{"line":550,"column":86}},{"start":{"line":550,"column":89},"end":{"line":550,"column":102}}]}},"s":{"0":3,"1":3,"2":3,"3":3,"4":3,"5":3,"6":3,"7":3,"8":3,"9":3,"10":3,"11":3,"12":3,"13":3,"14":4,"15":4,"16":4,"17":4,"18":4,"19":2,"20":2,"21":0,"22":0,"23":0,"24":0,"25":0,"26":0,"27":0,"28":4,"29":4,"30":0,"31":0,"32":0,"33":0,"34":0,"35":0,"36":0,"37":0,"38":0,"39":0,"40":0,"41":0,"42":0,"43":0,"44":0,"45":0,"46":0,"47":0,"48":0,"49":0,"50":0,"51":0,"52":0,"53":0,"54":0,"55":0,"56":0,"57":0,"58":0,"59":0,"60":0,"61":0,"62":0,"63":0,"64":0,"65":0,"66":0,"67":0,"68":0,"69":0,"70":0,"71":0,"72":0,"73":0,"74":0,"75":0,"76":0,"77":3,"78":3,"79":3,"80":0,"81":3,"82":3,"83":0,"84":3,"85":3,"86":3,"87":0,"88":0,"89":3,"90":3,"91":3,"92":3,"93":3,"94":3,"95":3,"96":3,"97":3,"98":3,"99":1,"100":1,"101":2,"102":1,"103":1,"104":1,"105":0,"106":0,"107":1,"108":0,"109":0,"110":1,"111":0,"112":0,"113":1,"114":0,"115":0,"116":3,"117":3,"118":1,"119":3,"120":3,"121":0,"122":0,"123":2,"124":2,"125":2,"126":1,"127":1,"128":0,"129":0,"130":0,"131":0,"132":0,"133":0,"134":1,"135":0,"136":0,"137":0,"138":0,"139":0,"140":0,"141":0,"142":0,"143":0,"144":0,"145":0,"146":0,"147":0,"148":0,"149":0,"150":0,"151":0,"152":0,"153":0,"154":1,"155":1,"156":2,"157":2,"158":2,"159":2,"160":1,"161":0,"162":1,"163":1,"164":0,"165":1,"166":1,"167":0,"168":1,"169":1,"170":0,"171":0,"172":1,"173":1,"174":1,"175":1,"176":1,"177":1,"178":1,"179":1,"180":1,"181":1,"182":1,"183":1,"184":0,"185":0},"f":{"0":4,"1":0,"2":0,"3":4,"4":3,"5":2,"6":0,"7":2},"b":{"0":[3,3],"1":[0,3],"2":[3,3],"3":[3,3],"4":[3,3],"5":[3,3],"6":[4],"7":[2,2,2,0,0,0,0,0],"8":[0,0],"9":[4],"10":[4,0,4,0],"11":[0],"12":[0,0],"13":[0,0],"14":[0,0],"15":[0,0],"16":[0],"17":[0,0],"18":[0,0],"19":[0],"20":[0],"21":[0],"22":[0],"23":[0,0],"24":[0],"25":[0],"26":[0],"27":[3],"28":[3,3],"29":[3],"30":[3,0],"31":[1,2],"32":[1,1],"33":[2,1],"34":[0,1],"35":[0,1],"36":[0,1],"37":[0],"38":[0,0],"39":[1],"40":[2,2],"41":[0],"42":[0,0],"43":[0],"44":[0],"45":[0],"46":[0,0],"47":[0],"48":[0,0],"49":[0,0],"50":[0,0],"51":[1,0],"52":[0],"53":[1,0],"54":[0],"55":[0,0],"56":[0],"57":[1],"58":[1,1],"59":[1],"60":[1,0],"61":[1,1,0],"62":[0,0]}}
}
