TN:
SF:src\image-utils.ts
FN:90,compressImage
FN:123,isRatio
FN:128,(anonymous_12)
FN:132,applyImageFocus
FN:210,extractImageFromFile
FN:337,extractImageFromUrl
FN:353,(anonymous_16)
FN:447,extractImageFromBase64
FNF:8
FNH:5
FNDA:4,compressImage
FNDA:0,isRatio
FNDA:0,(anonymous_12)
FNDA:4,applyImageFocus
FNDA:3,extractImageFromFile
FNDA:2,extractImageFromUrl
FNDA:0,(anonymous_16)
FNDA:2,extractImageFromBase64
DA:1,3
DA:2,3
DA:3,3
DA:4,3
DA:7,3
DA:8,3
DA:11,3
DA:12,3
DA:15,3
DA:18,3
DA:23,3
DA:91,4
DA:92,4
DA:95,4
DA:96,4
DA:99,4
DA:102,2
DA:104,2
DA:106,0
DA:108,0
DA:110,0
DA:114,0
DA:119,0
DA:128,0
DA:138,4
DA:139,0
DA:141,0
DA:142,0
DA:143,0
DA:144,0
DA:145,0
DA:147,0
DA:148,0
DA:149,0
DA:150,0
DA:151,0
DA:152,0
DA:153,0
DA:155,0
DA:156,0
DA:157,0
DA:158,0
DA:160,0
DA:161,0
DA:162,0
DA:163,0
DA:164,0
DA:165,0
DA:166,0
DA:167,0
DA:169,0
DA:170,0
DA:171,0
DA:172,0
DA:174,0
DA:175,0
DA:176,0
DA:177,0
DA:179,0
DA:182,0
DA:184,0
DA:185,0
DA:187,0
DA:188,0
DA:191,0
DA:192,0
DA:194,0
DA:195,0
DA:199,0
DA:200,0
DA:206,0
DA:210,3
DA:211,3
DA:212,3
DA:215,3
DA:216,0
DA:223,3
DA:226,3
DA:227,0
DA:234,3
DA:237,3
DA:238,3
DA:239,0
DA:240,0
DA:245,3
DA:247,3
DA:248,3
DA:251,3
DA:252,3
DA:262,3
DA:267,3
DA:268,3
DA:269,3
DA:271,3
DA:272,1
DA:273,1
DA:275,2
DA:276,1
DA:277,1
DA:279,1
DA:280,0
DA:281,0
DA:283,1
DA:284,0
DA:285,0
DA:287,1
DA:289,0
DA:290,0
DA:292,1
DA:293,0
DA:294,0
DA:298,3
DA:299,3
DA:301,1
DA:306,3
DA:309,3
DA:328,0
DA:329,0
DA:337,3
DA:338,2
DA:339,2
DA:342,2
DA:343,1
DA:350,1
DA:351,0
DA:352,0
DA:353,0
DA:354,0
DA:357,0
DA:358,0
DA:366,1
DA:372,0
DA:373,0
DA:376,0
DA:377,0
DA:378,0
DA:379,0
DA:384,0
DA:386,0
DA:387,0
DA:390,0
DA:391,0
DA:401,0
DA:406,0
DA:407,0
DA:408,0
DA:410,0
DA:415,0
DA:416,0
DA:419,0
DA:438,1
DA:439,1
DA:447,3
DA:448,2
DA:449,2
DA:453,2
DA:454,2
DA:457,1
DA:458,0
DA:461,1
DA:468,1
DA:469,0
DA:477,1
DA:478,1
DA:480,0
DA:487,1
DA:488,1
DA:489,0
DA:490,0
DA:495,1
DA:497,1
DA:498,1
DA:501,1
DA:502,1
DA:512,1
DA:517,1
DA:518,1
DA:519,1
DA:521,1
DA:526,1
DA:529,1
DA:548,0
DA:549,0
LF:183
LH:85
BRDA:7,0,0,3
BRDA:7,0,1,3
BRDA:8,1,0,0
BRDA:8,1,1,3
BRDA:11,2,0,3
BRDA:11,2,1,3
BRDA:12,3,0,3
BRDA:12,3,1,3
BRDA:15,4,0,3
BRDA:15,4,1,3
BRDA:18,5,0,3
BRDA:18,5,1,3
BRDA:95,6,0,4
BRDA:99,7,0,2
BRDA:99,7,1,2
BRDA:99,7,2,2
BRDA:99,7,3,0
BRDA:99,7,4,0
BRDA:99,7,5,0
BRDA:99,7,6,0
BRDA:99,7,7,0
BRDA:128,8,0,0
BRDA:128,8,1,0
BRDA:138,9,0,4
BRDA:138,10,0,4
BRDA:138,10,1,0
BRDA:138,10,2,4
BRDA:138,10,3,0
BRDA:139,11,0,0
BRDA:139,12,0,0
BRDA:139,12,1,0
BRDA:147,13,0,0
BRDA:147,13,1,0
BRDA:147,14,0,0
BRDA:147,14,1,0
BRDA:149,15,0,0
BRDA:149,15,1,0
BRDA:161,16,0,0
BRDA:161,17,0,0
BRDA:161,17,1,0
BRDA:163,18,0,0
BRDA:163,18,1,0
BRDA:182,19,0,0
BRDA:191,20,0,0
BRDA:194,21,0,0
BRDA:199,22,0,0
BRDA:199,23,0,0
BRDA:199,23,1,0
BRDA:215,24,0,0
BRDA:226,25,0,0
BRDA:238,26,0,0
BRDA:245,27,0,3
BRDA:245,28,0,3
BRDA:245,28,1,3
BRDA:251,29,0,3
BRDA:251,30,0,3
BRDA:251,30,1,0
BRDA:271,31,0,1
BRDA:271,31,1,2
BRDA:275,32,0,1
BRDA:275,32,1,1
BRDA:275,33,0,2
BRDA:275,33,1,1
BRDA:279,34,0,0
BRDA:279,34,1,1
BRDA:283,35,0,0
BRDA:283,35,1,1
BRDA:287,36,0,0
BRDA:287,36,1,1
BRDA:292,37,0,0
BRDA:330,38,0,0
BRDA:330,38,1,0
BRDA:342,39,0,1
BRDA:342,40,0,2
BRDA:342,40,1,2
BRDA:350,41,0,0
BRDA:354,42,0,0
BRDA:354,42,1,0
BRDA:357,43,0,0
BRDA:377,44,0,0
BRDA:384,45,0,0
BRDA:384,46,0,0
BRDA:384,46,1,0
BRDA:390,47,0,0
BRDA:390,48,0,0
BRDA:390,48,1,0
BRDA:407,49,0,0
BRDA:407,49,1,0
BRDA:416,50,0,0
BRDA:416,50,1,0
BRDA:440,51,0,1
BRDA:440,51,1,0
BRDA:457,52,0,0
BRDA:462,53,0,1
BRDA:462,53,1,0
BRDA:468,54,0,0
BRDA:481,55,0,0
BRDA:481,55,1,0
BRDA:488,56,0,0
BRDA:495,57,0,1
BRDA:495,58,0,1
BRDA:495,58,1,1
BRDA:501,59,0,1
BRDA:501,60,0,1
BRDA:501,60,1,0
BRDA:518,61,0,1
BRDA:518,61,1,1
BRDA:518,61,2,0
BRDA:550,62,0,0
BRDA:550,62,1,0
BRF:110
BRH:44
end_of_record
