TN:
SF:src\image-utils.ts
FN:84,compressImage
FN:117,extractImageFromFile
FN:237,extractImageFromUrl
FN:253,(anonymous_13)
FN:340,extractImageFromBase64
FNF:5
FNH:4
FNDA:4,compressImage
FNDA:3,extractImageFromFile
FNDA:2,extractImageFromUrl
FNDA:0,(anonymous_13)
FNDA:2,extractImageFromBase64
DA:1,3
DA:2,3
DA:3,3
DA:4,3
DA:7,3
DA:8,3
DA:11,3
DA:12,3
DA:15,3
DA:18,3
DA:23,3
DA:85,4
DA:86,4
DA:89,4
DA:90,4
DA:93,4
DA:96,2
DA:98,2
DA:100,0
DA:102,0
DA:104,0
DA:108,0
DA:113,0
DA:117,3
DA:118,3
DA:119,3
DA:122,3
DA:123,0
DA:130,3
DA:133,3
DA:134,0
DA:141,3
DA:145,3
DA:147,3
DA:148,3
DA:151,3
DA:152,3
DA:162,3
DA:167,3
DA:168,3
DA:169,3
DA:171,3
DA:172,1
DA:173,1
DA:175,2
DA:176,1
DA:177,1
DA:179,1
DA:180,0
DA:181,0
DA:183,1
DA:184,0
DA:185,0
DA:187,1
DA:189,0
DA:190,0
DA:192,1
DA:193,0
DA:194,0
DA:198,3
DA:199,3
DA:201,1
DA:206,3
DA:209,3
DA:228,0
DA:229,0
DA:237,3
DA:238,2
DA:239,2
DA:242,2
DA:243,1
DA:250,1
DA:251,0
DA:252,0
DA:253,0
DA:254,0
DA:257,0
DA:258,0
DA:266,1
DA:272,0
DA:273,0
DA:277,0
DA:279,0
DA:280,0
DA:283,0
DA:284,0
DA:294,0
DA:299,0
DA:300,0
DA:301,0
DA:303,0
DA:308,0
DA:309,0
DA:312,0
DA:331,1
DA:332,1
DA:340,3
DA:341,2
DA:342,2
DA:346,2
DA:347,2
DA:350,1
DA:351,0
DA:354,1
DA:361,1
DA:362,0
DA:370,1
DA:371,1
DA:373,0
DA:381,1
DA:383,1
DA:384,1
DA:387,1
DA:388,1
DA:398,1
DA:403,1
DA:404,1
DA:405,1
DA:407,1
DA:412,1
DA:415,1
DA:434,0
DA:435,0
LF:123
LH:80
BRDA:7,0,0,3
BRDA:7,0,1,3
BRDA:8,1,0,0
BRDA:8,1,1,3
BRDA:11,2,0,3
BRDA:11,2,1,3
BRDA:12,3,0,3
BRDA:12,3,1,3
BRDA:15,4,0,3
BRDA:15,4,1,3
BRDA:18,5,0,3
BRDA:18,5,1,3
BRDA:89,6,0,4
BRDA:93,7,0,2
BRDA:93,7,1,2
BRDA:93,7,2,2
BRDA:93,7,3,0
BRDA:93,7,4,0
BRDA:93,7,5,0
BRDA:93,7,6,0
BRDA:93,7,7,0
BRDA:122,8,0,0
BRDA:133,9,0,0
BRDA:145,10,0,3
BRDA:145,11,0,3
BRDA:145,11,1,3
BRDA:151,12,0,3
BRDA:151,13,0,3
BRDA:151,13,1,0
BRDA:171,14,0,1
BRDA:171,14,1,2
BRDA:175,15,0,1
BRDA:175,15,1,1
BRDA:175,16,0,2
BRDA:175,16,1,1
BRDA:179,17,0,0
BRDA:179,17,1,1
BRDA:183,18,0,0
BRDA:183,18,1,1
BRDA:187,19,0,0
BRDA:187,19,1,1
BRDA:192,20,0,0
BRDA:230,21,0,0
BRDA:230,21,1,0
BRDA:242,22,0,1
BRDA:242,23,0,2
BRDA:242,23,1,2
BRDA:250,24,0,0
BRDA:254,25,0,0
BRDA:254,25,1,0
BRDA:257,26,0,0
BRDA:277,27,0,0
BRDA:277,28,0,0
BRDA:277,28,1,0
BRDA:283,29,0,0
BRDA:283,30,0,0
BRDA:283,30,1,0
BRDA:300,31,0,0
BRDA:300,31,1,0
BRDA:309,32,0,0
BRDA:309,32,1,0
BRDA:333,33,0,1
BRDA:333,33,1,0
BRDA:350,34,0,0
BRDA:355,35,0,1
BRDA:355,35,1,0
BRDA:361,36,0,0
BRDA:374,37,0,0
BRDA:374,37,1,0
BRDA:381,38,0,1
BRDA:381,39,0,1
BRDA:381,39,1,1
BRDA:387,40,0,1
BRDA:387,41,0,1
BRDA:387,41,1,0
BRDA:404,42,0,1
BRDA:404,42,1,1
BRDA:404,42,2,0
BRDA:436,43,0,0
BRDA:436,43,1,0
BRF:80
BRH:41
end_of_record
